Library/Bee/Android/Prj/Mono2x/Gradle/unityLibrary/build/intermediates/manifest_merge_blame_file/release/manifest-merger-blame-release-report.txt
1<?xml version="1.0" encoding="utf-8"?>
2<manifest xmlns:android="http://schemas.android.com/apk/res/android"
3    package="com.unity3d.player"
4    android:installLocation="preferExternal"
5    android:theme="@android:style/Theme.NoTitleBar"
6    android:versionCode="1"
7    android:versionName="1.0" >
8
9    <uses-sdk
10        android:minSdkVersion="22"
10-->src\main\AndroidManifest.xml
11        android:targetSdkVersion="32" />
11-->src\main\AndroidManifest.xml
12
13    <uses-permission android:name="android.permission.INTERNET" />
13-->src\main\AndroidManifest.xml:3:3-65
13-->src\main\AndroidManifest.xml:3:20-62
14    <uses-permission android:name="android.permission.ACCESS_NETWORK_STATE" />
14-->src\main\AndroidManifest.xml:4:3-77
14-->src\main\AndroidManifest.xml:4:20-74
15    <uses-permission android:name="android.permission.ACCESS_WIFI_STATE" />
15-->src\main\AndroidManifest.xml:5:3-74
15-->src\main\AndroidManifest.xml:5:20-71
16
17    <uses-feature android:glEsVersion="0x00020000" />
17-->src\main\AndroidManifest.xml:6:3-52
17-->src\main\AndroidManifest.xml:6:17-49
18    <uses-feature
18-->src\main\AndroidManifest.xml:7:3-97
19        android:name="android.hardware.sensor.accelerometer"
19-->src\main\AndroidManifest.xml:7:17-69
20        android:required="false" />
20-->src\main\AndroidManifest.xml:7:70-94
21    <uses-feature
21-->src\main\AndroidManifest.xml:8:3-88
22        android:name="android.hardware.touchscreen"
22-->src\main\AndroidManifest.xml:8:17-60
23        android:required="false" />
23-->src\main\AndroidManifest.xml:8:61-85
24    <uses-feature
24-->src\main\AndroidManifest.xml:9:3-99
25        android:name="android.hardware.touchscreen.multitouch"
25-->src\main\AndroidManifest.xml:9:17-71
26        android:required="false" />
26-->src\main\AndroidManifest.xml:9:72-96
27    <uses-feature
27-->src\main\AndroidManifest.xml:10:3-108
28        android:name="android.hardware.touchscreen.multitouch.distinct"
28-->src\main\AndroidManifest.xml:10:17-80
29        android:required="false" />
29-->src\main\AndroidManifest.xml:10:81-105
30
31    <supports-screens
31-->src\main\AndroidManifest.xml:30:3-163
32        android:anyDensity="true"
32-->src\main\AndroidManifest.xml:30:135-160
33        android:largeScreens="true"
33-->src\main\AndroidManifest.xml:30:78-105
34        android:normalScreens="true"
34-->src\main\AndroidManifest.xml:30:49-77
35        android:smallScreens="true"
35-->src\main\AndroidManifest.xml:30:21-48
36        android:xlargeScreens="true" />
36-->src\main\AndroidManifest.xml:30:106-134
37
38    <application
38-->src\main\AndroidManifest.xml:11:3-29:17
39        android:debuggable="true"
39-->src\main\AndroidManifest.xml:11:81-106
40        android:extractNativeLibs="true"
40-->src\main\AndroidManifest.xml:11:107-139
41        android:icon="@mipmap/app_icon"
41-->src\main\AndroidManifest.xml:11:16-47
42        android:isGame="true"
42-->src\main\AndroidManifest.xml:11:140-161
43        android:label="@string/app_name" >
43-->src\main\AndroidManifest.xml:11:48-80
44        <meta-data
44-->src\main\AndroidManifest.xml:12:5-69
45            android:name="unity.splash-mode"
45-->src\main\AndroidManifest.xml:12:16-48
46            android:value="0" />
46-->src\main\AndroidManifest.xml:12:49-66
47        <meta-data
47-->src\main\AndroidManifest.xml:13:5-74
48            android:name="unity.splash-enable"
48-->src\main\AndroidManifest.xml:13:16-50
49            android:value="True" />
49-->src\main\AndroidManifest.xml:13:51-71
50        <meta-data
50-->src\main\AndroidManifest.xml:14:5-78
51            android:name="unity.launch-fullscreen"
51-->src\main\AndroidManifest.xml:14:16-54
52            android:value="True" />
52-->src\main\AndroidManifest.xml:14:55-75
53        <meta-data
53-->src\main\AndroidManifest.xml:15:5-84
54            android:name="unity.allow-resizable-window"
54-->src\main\AndroidManifest.xml:15:16-59
55            android:value="False" />
55-->src\main\AndroidManifest.xml:15:60-81
56        <meta-data
56-->src\main\AndroidManifest.xml:16:5-81
57            android:name="notch.config"
57-->src\main\AndroidManifest.xml:16:16-43
58            android:value="portrait|landscape" />
58-->src\main\AndroidManifest.xml:16:44-78
59        <meta-data
59-->src\main\AndroidManifest.xml:17:5-84
60            android:name="unity.auto-report-fully-drawn"
60-->src\main\AndroidManifest.xml:17:16-60
61            android:value="true" />
61-->src\main\AndroidManifest.xml:17:61-81
62
63        <activity
63-->src\main\AndroidManifest.xml:18:5-27:16
64            android:name="com.unity3d.player.UnityPlayerNativeActivity"
64-->src\main\AndroidManifest.xml:18:15-74
65            android:configChanges="mcc|mnc|locale|touchscreen|keyboard|keyboardHidden|navigation|orientation|screenLayout|uiMode|screenSize|smallestScreenSize|fontScale|layoutDirection|density"
65-->src\main\AndroidManifest.xml:18:177-358
66            android:exported="true"
66-->src\main\AndroidManifest.xml:18:430-453
67            android:hardwareAccelerated="false"
67-->src\main\AndroidManifest.xml:18:394-429
68            android:label="@string/app_name"
68-->src\main\AndroidManifest.xml:18:75-107
69            android:launchMode="singleTask"
69-->src\main\AndroidManifest.xml:18:145-176
70            android:resizeableActivity="false"
70-->src\main\AndroidManifest.xml:18:359-393
71            android:screenOrientation="portrait" >
71-->src\main\AndroidManifest.xml:18:108-144
72            <intent-filter>
72-->src\main\AndroidManifest.xml:19:7-23:23
73                <category android:name="android.intent.category.LAUNCHER" />
73-->src\main\AndroidManifest.xml:20:9-69
73-->src\main\AndroidManifest.xml:20:19-66
74                <category android:name="android.intent.category.LEANBACK_LAUNCHER" />
74-->src\main\AndroidManifest.xml:21:9-78
74-->src\main\AndroidManifest.xml:21:19-75
75
76                <action android:name="android.intent.action.MAIN" />
76-->src\main\AndroidManifest.xml:22:9-61
76-->src\main\AndroidManifest.xml:22:17-58
77            </intent-filter>
78
79            <meta-data
79-->src\main\AndroidManifest.xml:24:7-82
80                android:name="unityplayer.UnityActivity"
80-->src\main\AndroidManifest.xml:24:18-58
81                android:value="true" />
81-->src\main\AndroidManifest.xml:24:59-79
82            <meta-data
82-->src\main\AndroidManifest.xml:25:7-97
83                android:name="unityplayer.ForwardNativeEventsToDalvik"
83-->src\main\AndroidManifest.xml:25:18-72
84                android:value="false" />
84-->src\main\AndroidManifest.xml:25:73-94
85            <meta-data
85-->src\main\AndroidManifest.xml:26:7-70
86                android:name="notch_support"
86-->src\main\AndroidManifest.xml:26:18-46
87                android:value="true" />
87-->src\main\AndroidManifest.xml:26:47-67
88        </activity>
89        <activity
89-->src\main\AndroidManifest.xml:28:5-127
90            android:name="com.purplebrain.adbuddiz.sdk.AdBuddizActivity"
90-->src\main\AndroidManifest.xml:28:15-75
91            android:theme="@android:style/Theme.Translucent" />
91-->src\main\AndroidManifest.xml:28:76-124
92    </application>
93
94</manifest>